<?xml version="1.0" encoding="UTF-8"?>
<robot generator="Robot 3.2.1 (Python 3.8.5 on win32)" generated="20200824 11:31:52.102" rpa="false">
<suite id="s1" name="Yahoo" source="C:\Users\User\Documents\Siddappa\Guru\Python\pythonTestProject\RobotDirectory\yahoo.robot">
<test id="s1-t1" name="Yahoo">
<kw name="fn_Open Browser">
<kw name="Open Browser" library="SeleniumLibrary">
<doc>Opens a new browser instance to the optional ``url``.</doc>
<arguments>
<arg>${URL}</arg>
<arg>${BROWSER}</arg>
</arguments>
<msg timestamp="20200824 11:31:53.217" level="INFO">Opening browser 'Chrome' to base url 'https://login.yahoo.com/'.</msg>
<status status="PASS" starttime="20200824 11:31:53.216" endtime="20200824 11:31:58.910"></status>
</kw>
<kw name="Maximize Browser Window" library="SeleniumLibrary">
<doc>Maximizes current browser window.</doc>
<status status="PASS" starttime="20200824 11:31:58.910" endtime="20200824 11:32:00.704"></status>
</kw>
<kw name="Set Selenium Implicit Wait" library="SeleniumLibrary">
<doc>Sets the implicit wait value used by Selenium.</doc>
<arguments>
<arg>10s</arg>
</arguments>
<status status="PASS" starttime="20200824 11:32:00.704" endtime="20200824 11:32:00.706"></status>
</kw>
<kw name="Input Text" library="SeleniumLibrary">
<doc>Types the given ``text`` into the text field identified by ``locator``.</doc>
<arguments>
<arg>//input[@name='username']</arg>
<arg>anusha.palemofficial@yahoo.com</arg>
<arg>clear=True</arg>
</arguments>
<msg timestamp="20200824 11:32:00.707" level="INFO">Typing text 'anusha.palemofficial@yahoo.com' into text field '//input[@name='username']'.</msg>
<status status="PASS" starttime="20200824 11:32:00.706" endtime="20200824 11:32:01.380"></status>
</kw>
<kw name="Click Button" library="SeleniumLibrary">
<doc>Clicks the button identified by ``locator``.</doc>
<arguments>
<arg>//input[@name='signin']</arg>
</arguments>
<msg timestamp="20200824 11:32:01.381" level="INFO">Clicking button '//input[@name='signin']'.</msg>
<status status="PASS" starttime="20200824 11:32:01.381" endtime="20200824 11:32:01.570"></status>
</kw>
<kw name="Input Text" library="SeleniumLibrary">
<doc>Types the given ``text`` into the text field identified by ``locator``.</doc>
<arguments>
<arg>//input[@name='password']</arg>
<arg>Cherry@2018</arg>
<arg>clear=True</arg>
</arguments>
<msg timestamp="20200824 11:32:01.570" level="INFO">Typing text 'Cherry@2018' into text field '//input[@name='password']'.</msg>
<kw name="Capture Page Screenshot" library="SeleniumLibrary">
<doc>Takes a screenshot of the current page and embeds it into a log file.</doc>
<msg timestamp="20200824 11:32:11.682" level="FAIL">WebDriverException: Message: chrome not reachable
  (Session info: chrome=84.0.4147.135)
</msg>
<status status="FAIL" starttime="20200824 11:32:07.459" endtime="20200824 11:32:11.690"></status>
</kw>
<msg timestamp="20200824 11:32:11.690" level="WARN">Keyword 'Capture Page Screenshot' could not be run on failure: WebDriverException: Message: chrome not reachable
  (Session info: chrome=84.0.4147.135)
</msg>
<msg timestamp="20200824 11:32:11.765" level="FAIL">WebDriverException: Message: unknown error: cannot determine loading status
from disconnected: not connected to DevTools
  (Session info: chrome=84.0.4147.135)
</msg>
<status status="FAIL" starttime="20200824 11:32:01.570" endtime="20200824 11:32:11.765"></status>
</kw>
<status status="FAIL" starttime="20200824 11:31:53.216" endtime="20200824 11:32:11.767"></status>
</kw>
<kw name="fn_Close Browser" type="teardown">
<kw name="Close All Browsers" library="SeleniumLibrary">
<doc>Closes all open browsers and resets the browser cache.</doc>
<status status="PASS" starttime="20200824 11:32:11.767" endtime="20200824 11:32:13.919"></status>
</kw>
<status status="PASS" starttime="20200824 11:32:11.767" endtime="20200824 11:32:13.919"></status>
</kw>
<status status="FAIL" starttime="20200824 11:31:53.214" endtime="20200824 11:32:13.920" critical="yes">WebDriverException: Message: unknown error: cannot determine loading status
from disconnected: not connected to DevTools
  (Session info: chrome=84.0.4147.135)
</status>
</test>
<doc>Simple example using SeleniumLibrary.</doc>
<status status="FAIL" starttime="20200824 11:31:52.106" endtime="20200824 11:32:13.944"></status>
</suite>
<statistics>
<total>
<stat pass="0" fail="1">Critical Tests</stat>
<stat pass="0" fail="1">All Tests</stat>
</total>
<tag>
</tag>
<suite>
<stat pass="0" fail="1" id="s1" name="Yahoo">Yahoo</stat>
</suite>
</statistics>
<errors>
<msg timestamp="20200824 11:32:11.690" level="WARN">Keyword 'Capture Page Screenshot' could not be run on failure: WebDriverException: Message: chrome not reachable
  (Session info: chrome=84.0.4147.135)
</msg>
</errors>
</robot>
