<?xml version="1.0" encoding="UTF-8"?>
<robot generator="Robot 3.2.2 (Python 3.8.6rc1 on win32)" generated="20210105 16:49:41.701" rpa="false">
<suite id="s1" name="testRoboFile" source="F:\Python\AppViewX\AppViewPractice\RobotDirectory\testRoboFile.robot">
<test id="s1-t1" name="Test Open">
<kw name="Open Browser" library="SeleniumLibrary">
<doc>Opens a new browser instance to the optional ``url``.</doc>
<arguments>
<arg>https://www.google.com/</arg>
<arg>Chrome</arg>
</arguments>
<msg timestamp="20210105 16:49:41.930" level="INFO">Opening browser 'Chrome' to base url 'https://www.google.com/'.</msg>
<status status="PASS" starttime="20210105 16:49:41.930" endtime="20210105 16:49:46.880"></status>
</kw>
<kw name="Set Selenium Implicit Wait" library="SeleniumLibrary">
<doc>Sets the implicit wait value used by Selenium.</doc>
<arguments>
<arg>15s</arg>
</arguments>
<status status="PASS" starttime="20210105 16:49:46.881" endtime="20210105 16:49:46.885"></status>
</kw>
<kw name="Click on Gmail Link">
<kw name="Element Should Be Visible" library="SeleniumLibrary">
<doc>Verifies that the element identified by ``locator`` is visible.</doc>
<arguments>
<arg>//a[text()='Gmail']</arg>
</arguments>
<msg timestamp="20210105 16:49:46.950" level="INFO">Element '//a[text()='Gmail']' is displayed.</msg>
<status status="PASS" starttime="20210105 16:49:46.888" endtime="20210105 16:49:46.950"></status>
</kw>
<kw name="Click Link" library="SeleniumLibrary">
<doc>Clicks a link identified by ``locator``.</doc>
<arguments>
<arg>//a[text()='Gmail']</arg>
</arguments>
<msg timestamp="20210105 16:49:46.950" level="INFO">Clicking link '//a[text()='Gmail']'.</msg>
<status status="PASS" starttime="20210105 16:49:46.950" endtime="20210105 16:49:49.127"></status>
</kw>
<kw name="Get Title" library="SeleniumLibrary">
<doc>Returns the title of the current page.</doc>
<assign>
<var>${title}</var>
</assign>
<msg timestamp="20210105 16:49:49.144" level="INFO">${title} = Gmail - Email from Google</msg>
<status status="PASS" starttime="20210105 16:49:49.128" endtime="20210105 16:49:49.144"></status>
</kw>
<kw name="Log To Console" library="BuiltIn">
<doc>Logs the given message to the console.</doc>
<arguments>
<arg>${title}</arg>
</arguments>
<status status="PASS" starttime="20210105 16:49:49.145" endtime="20210105 16:49:49.145"></status>
</kw>
<kw name="Should Be Equal" library="BuiltIn">
<doc>Fails if the given objects are unequal.</doc>
<arguments>
<arg>${title}</arg>
<arg>Gmail - Email from Google</arg>
</arguments>
<status status="PASS" starttime="20210105 16:49:49.146" endtime="20210105 16:49:49.146"></status>
</kw>
<status status="PASS" starttime="20210105 16:49:46.886" endtime="20210105 16:49:49.147"></status>
</kw>
<kw name="Close All Browsers" library="SeleniumLibrary">
<doc>Closes all open browsers and resets the browser cache.</doc>
<status status="PASS" starttime="20210105 16:49:49.147" endtime="20210105 16:49:51.374"></status>
</kw>
<status status="PASS" starttime="20210105 16:49:41.929" endtime="20210105 16:49:51.374" critical="yes"></status>
</test>
<status status="PASS" starttime="20210105 16:49:41.703" endtime="20210105 16:49:51.374"></status>
</suite>
<statistics>
<total>
<stat pass="1" fail="0">Critical Tests</stat>
<stat pass="1" fail="0">All Tests</stat>
</total>
<tag>
</tag>
<suite>
<stat pass="1" fail="0" id="s1" name="testRoboFile">testRoboFile</stat>
</suite>
</statistics>
<errors>
</errors>
</robot>
